{
  "RSpec": {
    "coverage": {
      "/home/kregistre60/Development/code/tic-tac-toe-rb/lib/tic_tac_toe.rb": [
        null,
        1,
        null,
        null,
        null,
        null,
        null,
        null,
        null,
        null,
        null,
        1,
        24,
        24,
        24,
        24,
        24,
        null,
        null,
        1,
        23,
        null,
        null,
        1,
        22,
        null,
        null,
        1,
        161,
        null,
        129,
        null,
        32,
        null,
        null,
        null,
        1,
        23,
        22,
        20,
        null,
        3,
        null,
        null,
        null,
        1,
        21,
        21,
        189,
        31,
        null,
        21,
        null,
        null,
        1,
        20,
        null,
        null,
        1,
        20,
        20,
        20,
        20,
        19,
        19,
        null,
        1,
        null,
        null,
        null,
        1,
        67,
        424,
        424,
        424,
        null,
        424,
        424,
        424,
        null,
        424,
        null,
        29,
        null,
        null,
        38,
        null,
        null,
        1,
        183,
        null,
        null,
        1,
        29,
        null,
        null,
        1,
        21,
        10,
        null,
        11,
        null,
        null,
        null,
        1,
        7,
        6,
        null,
        null,
        null,
        1,
        12,
        17,
        null,
        12,
        5,
        7,
        3,
        null,
        null
      ]
    },
    "timestamp": 1642032504
  }
}
